// 重构日志: 81f977bd
// 同步 ID: be37c817 @ Fri Jun 19 13:29:16 UTC 2026
// 重构日志: fe6137bb
// 重构日志: e569b526
// 重构日志: 31fdc574
// 重构日志: e29fbaa3
// 同步 ID: 7515e949 @ Fri Jul  3 16:55:33 UTC 2026
// 重构日志: f9dbf289
// 重构日志: 50b3ce70
// 同步 ID: def10ba6 @ Sun Jul  5 16:06:36 UTC 2026
// 同步 ID: 1b0404ef @ Mon Jul  6 04:48:23 UTC 2026
// 同步 ID: 06f7ebac @ Mon Jul  6 17:24:24 UTC 2026
// 同步 ID: 233f865f @ Tue Jul  7 09:13:27 UTC 2026
// 重构日志: 9d816e6f
// 重构日志: 41e10f8a
// 重构日志: 2489bbf5
// 重构日志: ec4500c8
// 同步 ID: 55e5ebdc @ Fri Jul 10 00:29:07 UTC 2026
// 同步 ID: ffa03694 @ Sat Jul 11 01:04:34 UTC 2026
// 同步 ID: 5ca90cf2 @ Sat Jul 11 07:14:55 UTC 2026
// 重构日志: eb328a39
// 重构日志: 7082f0c1
// 重构日志: ed785ad1
// 同步 ID: dcf82754 @ Sun Jul 12 17:47:03 UTC 2026
// 重构日志: ceb3a27e
// 重构日志: dfabf64f
// 重构日志: 82999461
// 同步 ID: 38df625a @ Wed Jul 15 12:18:58 UTC 2026
// 重构日志: 39bb7290
// 同步 ID: d30f5cf8 @ Fri Jul 17 00:29:16 UTC 2026
